<?xml version="1.0" encoding="UTF-8"?>
<!-- Generated by org.testng.reporters.JUnitXMLReporter -->
<testsuite ignored="1" hostname="DESKTOP-BPQBUSQ" failures="1" tests="1" name="Test" time="11.327" errors="0" timestamp="2024-05-08T17:33:43 CDT">
  <testcase classname="testCases.TC001_AccountRegistrationTest" name="verify_account_registration" time="5.125">
    <failure type="java.lang.AssertionError" message="expected [true] but found [false]">
      <![CDATA[java.lang.AssertionError: expected [true] but found [false]
at testCases.TC001_AccountRegistrationTest.verify_account_registration(TC001_AccountRegistrationTest.java:54)
at java.base/java.util.ArrayList.forEach(ArrayList.java:1511)
... Removed 31 stack frames]]>
    </failure>
  </testcase> <!-- verify_account_registration -->
  <testcase classname="testCases.TC002_LoginTest" name="veifyLogin" time="0.0">
    <ignored/>
  </testcase> <!-- veifyLogin -->
</testsuite> <!-- Test -->
